{"/home/baptisthecht/paperclip-data/evoly/Evoly/packages/core/src/index.ts": {"path":"/home/baptisthecht/paperclip-data/evoly/Evoly/packages/core/src/index.ts","all":true,"statementMap":{"0":{"start":{"line":1,"column":0},"end":{"line":1,"column":29}},"1":{"start":{"line":2,"column":0},"end":{"line":2,"column":26}},"2":{"start":{"line":3,"column":0},"end":{"line":3,"column":25}},"3":{"start":{"line":4,"column":0},"end":{"line":4,"column":26}},"4":{"start":{"line":5,"column":0},"end":{"line":5,"column":23}},"5":{"start":{"line":6,"column":0},"end":{"line":6,"column":26}}},"s":{"0":0,"1":0,"2":0,"3":0,"4":0,"5":0},"branchMap":{"0":{"type":"branch","line":1,"loc":{"start":{"line":1,"column":160},"end":{"line":6,"column":26}},"locations":[{"start":{"line":1,"column":160},"end":{"line":6,"column":26}}]}},"b":{"0":[0]},"fnMap":{"0":{"name":"(empty-report)","decl":{"start":{"line":1,"column":160},"end":{"line":6,"column":26}},"loc":{"start":{"line":1,"column":160},"end":{"line":6,"column":26}},"line":1}},"f":{"0":0}}
,"/home/baptisthecht/paperclip-data/evoly/Evoly/packages/core/src/auth/index.ts": {"path":"/home/baptisthecht/paperclip-data/evoly/Evoly/packages/core/src/auth/index.ts","all":false,"statementMap":{"0":{"start":{"line":1,"column":0},"end":{"line":1,"column":24}},"2":{"start":{"line":3,"column":0},"end":{"line":3,"column":40}},"3":{"start":{"line":4,"column":0},"end":{"line":4,"column":28}},"4":{"start":{"line":5,"column":0},"end":{"line":5,"column":39}},"5":{"start":{"line":6,"column":0},"end":{"line":6,"column":46}},"6":{"start":{"line":7,"column":0},"end":{"line":7,"column":3}},"8":{"start":{"line":9,"column":0},"end":{"line":9,"column":37}},"9":{"start":{"line":10,"column":0},"end":{"line":10,"column":28}},"10":{"start":{"line":11,"column":0},"end":{"line":11,"column":30}},"11":{"start":{"line":12,"column":0},"end":{"line":12,"column":3}},"13":{"start":{"line":14,"column":0},"end":{"line":14,"column":46}},"14":{"start":{"line":15,"column":0},"end":{"line":15,"column":28}},"15":{"start":{"line":16,"column":0},"end":{"line":16,"column":3}},"17":{"start":{"line":18,"column":0},"end":{"line":18,"column":45}},"18":{"start":{"line":19,"column":0},"end":{"line":19,"column":20}},"19":{"start":{"line":20,"column":0},"end":{"line":20,"column":39}},"20":{"start":{"line":21,"column":0},"end":{"line":21,"column":3}},"22":{"start":{"line":23,"column":0},"end":{"line":23,"column":47}},"23":{"start":{"line":24,"column":0},"end":{"line":24,"column":47}},"24":{"start":{"line":25,"column":0},"end":{"line":25,"column":9}},"25":{"start":{"line":26,"column":0},"end":{"line":26,"column":13}},"26":{"start":{"line":27,"column":0},"end":{"line":27,"column":11}},"27":{"start":{"line":28,"column":0},"end":{"line":28,"column":12}},"28":{"start":{"line":29,"column":0},"end":{"line":29,"column":11}},"29":{"start":{"line":30,"column":0},"end":{"line":30,"column":21}},"30":{"start":{"line":31,"column":0},"end":{"line":31,"column":70}},"31":{"start":{"line":32,"column":0},"end":{"line":32,"column":6}},"32":{"start":{"line":33,"column":0},"end":{"line":33,"column":3}},"34":{"start":{"line":35,"column":0},"end":{"line":35,"column":47}},"35":{"start":{"line":36,"column":0},"end":{"line":36,"column":60}},"36":{"start":{"line":37,"column":0},"end":{"line":37,"column":3}}},"s":{"0":1,"2":1,"3":1,"4":1,"5":1,"6":1,"8":1,"9":1,"10":1,"11":1,"13":1,"14":1,"15":1,"17":1,"18":1,"19":1,"20":1,"22":1,"23":1,"24":1,"25":1,"26":1,"27":1,"28":1,"29":1,"30":1,"31":1,"32":1,"34":1,"35":1,"36":1},"branchMap":{},"b":{},"fnMap":{},"f":{}}
,"/home/baptisthecht/paperclip-data/evoly/Evoly/packages/core/src/billing/index.ts": {"path":"/home/baptisthecht/paperclip-data/evoly/Evoly/packages/core/src/billing/index.ts","all":false,"statementMap":{"0":{"start":{"line":1,"column":0},"end":{"line":1,"column":31}},"3":{"start":{"line":4,"column":0},"end":{"line":4,"column":31}},"4":{"start":{"line":5,"column":0},"end":{"line":5,"column":8}},"5":{"start":{"line":6,"column":0},"end":{"line":6,"column":8}},"6":{"start":{"line":7,"column":0},"end":{"line":7,"column":8}},"7":{"start":{"line":8,"column":0},"end":{"line":8,"column":12}},"8":{"start":{"line":9,"column":0},"end":{"line":9,"column":10}},"9":{"start":{"line":10,"column":0},"end":{"line":10,"column":9}},"10":{"start":{"line":11,"column":0},"end":{"line":11,"column":12}},"11":{"start":{"line":12,"column":0},"end":{"line":12,"column":9}},"12":{"start":{"line":13,"column":0},"end":{"line":13,"column":9}},"13":{"start":{"line":14,"column":0},"end":{"line":14,"column":9}},"14":{"start":{"line":15,"column":0},"end":{"line":15,"column":11}},"15":{"start":{"line":16,"column":0},"end":{"line":16,"column":10}},"16":{"start":{"line":17,"column":0},"end":{"line":17,"column":9}},"17":{"start":{"line":18,"column":0},"end":{"line":18,"column":10}},"18":{"start":{"line":19,"column":0},"end":{"line":19,"column":13}},"19":{"start":{"line":20,"column":0},"end":{"line":20,"column":2}},"25":{"start":{"line":26,"column":0},"end":{"line":26,"column":42}},"26":{"start":{"line":27,"column":0},"end":{"line":27,"column":25}},"27":{"start":{"line":28,"column":0},"end":{"line":28,"column":22}},"28":{"start":{"line":29,"column":0},"end":{"line":29,"column":21}},"29":{"start":{"line":30,"column":0},"end":{"line":30,"column":20}},"30":{"start":{"line":31,"column":0},"end":{"line":31,"column":55}},"31":{"start":{"line":32,"column":0},"end":{"line":32,"column":34}},"32":{"start":{"line":33,"column":0},"end":{"line":33,"column":28}},"33":{"start":{"line":34,"column":0},"end":{"line":34,"column":5}},"35":{"start":{"line":36,"column":0},"end":{"line":36,"column":42}},"36":{"start":{"line":37,"column":0},"end":{"line":37,"column":47}},"39":{"start":{"line":40,"column":0},"end":{"line":40,"column":53}},"40":{"start":{"line":41,"column":0},"end":{"line":41,"column":57}},"42":{"start":{"line":43,"column":0},"end":{"line":43,"column":32}},"45":{"start":{"line":46,"column":0},"end":{"line":46,"column":51}},"46":{"start":{"line":47,"column":0},"end":{"line":47,"column":70}},"48":{"start":{"line":49,"column":0},"end":{"line":49,"column":68}},"49":{"start":{"line":50,"column":0},"end":{"line":50,"column":1}},"54":{"start":{"line":55,"column":0},"end":{"line":55,"column":43}},"55":{"start":{"line":56,"column":0},"end":{"line":56,"column":25}},"56":{"start":{"line":57,"column":0},"end":{"line":57,"column":15}},"57":{"start":{"line":58,"column":0},"end":{"line":58,"column":18}},"58":{"start":{"line":59,"column":0},"end":{"line":59,"column":32}},"59":{"start":{"line":60,"column":0},"end":{"line":60,"column":34}},"60":{"start":{"line":61,"column":0},"end":{"line":61,"column":11}},"61":{"start":{"line":62,"column":0},"end":{"line":62,"column":49}},"62":{"start":{"line":63,"column":0},"end":{"line":63,"column":6}},"63":{"start":{"line":64,"column":0},"end":{"line":64,"column":5}},"64":{"start":{"line":65,"column":0},"end":{"line":65,"column":1}},"69":{"start":{"line":70,"column":0},"end":{"line":70,"column":80}},"70":{"start":{"line":71,"column":0},"end":{"line":71,"column":32}},"71":{"start":{"line":72,"column":0},"end":{"line":72,"column":34}},"72":{"start":{"line":73,"column":0},"end":{"line":73,"column":11}},"73":{"start":{"line":74,"column":0},"end":{"line":74,"column":30}},"74":{"start":{"line":75,"column":0},"end":{"line":75,"column":31}},"75":{"start":{"line":76,"column":0},"end":{"line":76,"column":6}},"76":{"start":{"line":77,"column":0},"end":{"line":77,"column":5}},"77":{"start":{"line":78,"column":0},"end":{"line":78,"column":1}},"82":{"start":{"line":83,"column":0},"end":{"line":83,"column":75}},"83":{"start":{"line":84,"column":0},"end":{"line":84,"column":48}},"84":{"start":{"line":85,"column":0},"end":{"line":85,"column":34}},"85":{"start":{"line":86,"column":0},"end":{"line":86,"column":55}},"86":{"start":{"line":87,"column":0},"end":{"line":87,"column":5}},"88":{"start":{"line":89,"column":0},"end":{"line":89,"column":25}},"90":{"start":{"line":91,"column":0},"end":{"line":91,"column":10}},"91":{"start":{"line":92,"column":0},"end":{"line":92,"column":27}},"92":{"start":{"line":93,"column":0},"end":{"line":93,"column":43}},"93":{"start":{"line":94,"column":0},"end":{"line":94,"column":44}},"95":{"start":{"line":96,"column":0},"end":{"line":96,"column":1}},"101":{"start":{"line":102,"column":0},"end":{"line":102,"column":50}},"102":{"start":{"line":103,"column":0},"end":{"line":103,"column":24}},"103":{"start":{"line":104,"column":0},"end":{"line":104,"column":26}},"104":{"start":{"line":105,"column":0},"end":{"line":105,"column":13}},"105":{"start":{"line":106,"column":0},"end":{"line":106,"column":17}},"106":{"start":{"line":107,"column":0},"end":{"line":107,"column":19}},"107":{"start":{"line":108,"column":0},"end":{"line":108,"column":27}},"108":{"start":{"line":109,"column":0},"end":{"line":109,"column":27}},"109":{"start":{"line":110,"column":0},"end":{"line":110,"column":27}},"110":{"start":{"line":111,"column":0},"end":{"line":111,"column":26}},"111":{"start":{"line":112,"column":0},"end":{"line":112,"column":6}},"112":{"start":{"line":113,"column":0},"end":{"line":113,"column":15}},"113":{"start":{"line":114,"column":0},"end":{"line":114,"column":5}},"115":{"start":{"line":116,"column":0},"end":{"line":116,"column":24}},"116":{"start":{"line":117,"column":0},"end":{"line":117,"column":25}},"117":{"start":{"line":118,"column":0},"end":{"line":118,"column":13}},"118":{"start":{"line":119,"column":0},"end":{"line":119,"column":16}},"119":{"start":{"line":120,"column":0},"end":{"line":120,"column":18}},"120":{"start":{"line":121,"column":0},"end":{"line":121,"column":28}},"121":{"start":{"line":122,"column":0},"end":{"line":122,"column":28}},"122":{"start":{"line":123,"column":0},"end":{"line":123,"column":30}},"123":{"start":{"line":124,"column":0},"end":{"line":124,"column":30}},"124":{"start":{"line":125,"column":0},"end":{"line":125,"column":6}},"125":{"start":{"line":126,"column":0},"end":{"line":126,"column":15}},"126":{"start":{"line":127,"column":0},"end":{"line":127,"column":5}},"127":{"start":{"line":128,"column":0},"end":{"line":128,"column":1}}},"s":{"0":1,"3":1,"4":1,"5":1,"6":1,"7":1,"8":1,"9":1,"10":1,"11":1,"12":1,"13":1,"14":1,"15":1,"16":1,"17":1,"18":1,"19":1,"25":6,"26":6,"27":6,"28":6,"29":6,"30":6,"31":6,"32":6,"33":6,"35":6,"36":6,"39":6,"40":6,"42":6,"45":4,"46":4,"48":4,"49":4,"54":1,"55":1,"56":1,"57":1,"58":1,"59":1,"60":1,"61":1,"62":1,"63":1,"64":1,"69":1,"70":1,"71":1,"72":1,"73":1,"74":1,"75":1,"76":1,"77":1,"82":5,"83":5,"84":5,"85":5,"86":5,"88":5,"90":4,"91":4,"92":3,"93":2,"95":5,"101":3,"102":3,"103":3,"104":3,"105":3,"106":3,"107":3,"108":3,"109":3,"110":3,"111":3,"112":3,"113":3,"115":3,"116":3,"117":3,"118":3,"119":3,"120":3,"121":3,"122":3,"123":3,"124":3,"125":3,"126":3,"127":3},"branchMap":{"0":{"type":"branch","line":26,"loc":{"start":{"line":26,"column":0},"end":{"line":50,"column":1}},"locations":[{"start":{"line":26,"column":0},"end":{"line":50,"column":1}}]},"1":{"type":"branch","line":43,"loc":{"start":{"line":43,"column":23},"end":{"line":43,"column":32}},"locations":[{"start":{"line":43,"column":23},"end":{"line":43,"column":32}}]},"2":{"type":"branch","line":43,"loc":{"start":{"line":43,"column":30},"end":{"line":50,"column":1}},"locations":[{"start":{"line":43,"column":30},"end":{"line":50,"column":1}}]},"3":{"type":"branch","line":55,"loc":{"start":{"line":55,"column":0},"end":{"line":65,"column":1}},"locations":[{"start":{"line":55,"column":0},"end":{"line":65,"column":1}}]},"4":{"type":"branch","line":70,"loc":{"start":{"line":70,"column":0},"end":{"line":78,"column":1}},"locations":[{"start":{"line":70,"column":0},"end":{"line":78,"column":1}}]},"5":{"type":"branch","line":83,"loc":{"start":{"line":83,"column":0},"end":{"line":96,"column":1}},"locations":[{"start":{"line":83,"column":0},"end":{"line":96,"column":1}}]},"6":{"type":"branch","line":89,"loc":{"start":{"line":89,"column":12},"end":{"line":89,"column":25}},"locations":[{"start":{"line":89,"column":12},"end":{"line":89,"column":25}}]},"7":{"type":"branch","line":89,"loc":{"start":{"line":89,"column":19},"end":{"line":92,"column":27}},"locations":[{"start":{"line":89,"column":19},"end":{"line":92,"column":27}}]},"8":{"type":"branch","line":92,"loc":{"start":{"line":92,"column":19},"end":{"line":94,"column":44}},"locations":[{"start":{"line":92,"column":19},"end":{"line":94,"column":44}}]},"9":{"type":"branch","line":93,"loc":{"start":{"line":93,"column":32},"end":{"line":94,"column":44}},"locations":[{"start":{"line":93,"column":32},"end":{"line":94,"column":44}}]},"10":{"type":"branch","line":102,"loc":{"start":{"line":102,"column":0},"end":{"line":128,"column":1}},"locations":[{"start":{"line":102,"column":0},"end":{"line":128,"column":1}}]}},"b":{"0":[6],"1":[2],"2":[4],"3":[1],"4":[1],"5":[5],"6":[1],"7":[4],"8":[3],"9":[2],"10":[3]},"fnMap":{"0":{"name":"calculateCommission","decl":{"start":{"line":26,"column":0},"end":{"line":50,"column":1}},"loc":{"start":{"line":26,"column":0},"end":{"line":50,"column":1}},"line":26},"1":{"name":"incrementTicketQuota","decl":{"start":{"line":55,"column":0},"end":{"line":65,"column":1}},"loc":{"start":{"line":55,"column":0},"end":{"line":65,"column":1}},"line":55},"2":{"name":"resetMonthlyQuota","decl":{"start":{"line":70,"column":0},"end":{"line":78,"column":1}},"loc":{"start":{"line":70,"column":0},"end":{"line":78,"column":1}},"line":70},"3":{"name":"isProPlan","decl":{"start":{"line":83,"column":0},"end":{"line":96,"column":1}},"loc":{"start":{"line":83,"column":0},"end":{"line":96,"column":1}},"line":83},"4":{"name":"seedPlans","decl":{"start":{"line":102,"column":0},"end":{"line":128,"column":1}},"loc":{"start":{"line":102,"column":0},"end":{"line":128,"column":1}},"line":102}},"f":{"0":6,"1":1,"2":1,"3":5,"4":3}}
,"/home/baptisthecht/paperclip-data/evoly/Evoly/packages/core/src/domains/index.ts": {"path":"/home/baptisthecht/paperclip-data/evoly/Evoly/packages/core/src/domains/index.ts","all":true,"statementMap":{"0":{"start":{"line":1,"column":0},"end":{"line":1,"column":30}}},"s":{"0":0},"branchMap":{"0":{"type":"branch","line":1,"loc":{"start":{"line":1,"column":0},"end":{"line":1,"column":14}},"locations":[{"start":{"line":1,"column":0},"end":{"line":1,"column":14}}]}},"b":{"0":[0]},"fnMap":{"0":{"name":"(empty-report)","decl":{"start":{"line":1,"column":0},"end":{"line":1,"column":14}},"loc":{"start":{"line":1,"column":0},"end":{"line":1,"column":14}},"line":1}},"f":{"0":0}}
,"/home/baptisthecht/paperclip-data/evoly/Evoly/packages/core/src/domains/provisioner.ts": {"path":"/home/baptisthecht/paperclip-data/evoly/Evoly/packages/core/src/domains/provisioner.ts","all":true,"statementMap":{"1":{"start":{"line":2,"column":0},"end":{"line":2,"column":55}},"2":{"start":{"line":3,"column":0},"end":{"line":3,"column":70}},"3":{"start":{"line":4,"column":0},"end":{"line":4,"column":17}},"4":{"start":{"line":5,"column":0},"end":{"line":5,"column":12}},"5":{"start":{"line":6,"column":0},"end":{"line":6,"column":38}},"6":{"start":{"line":7,"column":0},"end":{"line":7,"column":47}},"7":{"start":{"line":8,"column":0},"end":{"line":8,"column":4}},"8":{"start":{"line":9,"column":0},"end":{"line":9,"column":35}},"9":{"start":{"line":10,"column":0},"end":{"line":10,"column":4}},"10":{"start":{"line":11,"column":0},"end":{"line":11,"column":52}},"11":{"start":{"line":12,"column":0},"end":{"line":12,"column":1}},"13":{"start":{"line":14,"column":0},"end":{"line":14,"column":57}},"14":{"start":{"line":15,"column":0},"end":{"line":15,"column":68}},"15":{"start":{"line":16,"column":0},"end":{"line":16,"column":19}},"16":{"start":{"line":17,"column":0},"end":{"line":17,"column":59}},"17":{"start":{"line":18,"column":0},"end":{"line":18,"column":4}},"18":{"start":{"line":19,"column":0},"end":{"line":19,"column":1}}},"s":{"1":0,"2":0,"3":0,"4":0,"5":0,"6":0,"7":0,"8":0,"9":0,"10":0,"11":0,"13":0,"14":0,"15":0,"16":0,"17":0,"18":0},"branchMap":{"0":{"type":"branch","line":1,"loc":{"start":{"line":1,"column":40},"end":{"line":19,"column":-75}},"locations":[{"start":{"line":1,"column":40},"end":{"line":19,"column":-75}}]}},"b":{"0":[1]},"fnMap":{"0":{"name":"(empty-report)","decl":{"start":{"line":1,"column":40},"end":{"line":19,"column":-75}},"loc":{"start":{"line":1,"column":40},"end":{"line":19,"column":-75}},"line":1}},"f":{"0":1}}
,"/home/baptisthecht/paperclip-data/evoly/Evoly/packages/core/src/events/index.ts": {"path":"/home/baptisthecht/paperclip-data/evoly/Evoly/packages/core/src/events/index.ts","all":false,"statementMap":{"0":{"start":{"line":1,"column":0},"end":{"line":1,"column":31}},"3":{"start":{"line":4,"column":0},"end":{"line":4,"column":43}},"4":{"start":{"line":5,"column":0},"end":{"line":5,"column":36}},"5":{"start":{"line":6,"column":0},"end":{"line":6,"column":37}},"6":{"start":{"line":7,"column":0},"end":{"line":7,"column":41}},"7":{"start":{"line":8,"column":0},"end":{"line":8,"column":57}},"8":{"start":{"line":9,"column":0},"end":{"line":9,"column":38}},"9":{"start":{"line":10,"column":0},"end":{"line":10,"column":41}},"10":{"start":{"line":11,"column":0},"end":{"line":11,"column":37}},"11":{"start":{"line":12,"column":0},"end":{"line":12,"column":37}},"12":{"start":{"line":13,"column":0},"end":{"line":13,"column":41}},"13":{"start":{"line":14,"column":0},"end":{"line":14,"column":28}},"14":{"start":{"line":15,"column":0},"end":{"line":15,"column":37}},"15":{"start":{"line":16,"column":0},"end":{"line":16,"column":47}},"16":{"start":{"line":17,"column":0},"end":{"line":17,"column":3}},"23":{"start":{"line":24,"column":0},"end":{"line":24,"column":47}},"24":{"start":{"line":25,"column":0},"end":{"line":25,"column":13}},"25":{"start":{"line":26,"column":0},"end":{"line":26,"column":18}},"26":{"start":{"line":27,"column":0},"end":{"line":27,"column":21}},"27":{"start":{"line":28,"column":0},"end":{"line":28,"column":36}},"28":{"start":{"line":29,"column":0},"end":{"line":29,"column":33}},"29":{"start":{"line":30,"column":0},"end":{"line":30,"column":25}},"30":{"start":{"line":31,"column":0},"end":{"line":31,"column":24}},"31":{"start":{"line":32,"column":0},"end":{"line":32,"column":11}},"32":{"start":{"line":33,"column":0},"end":{"line":33,"column":22}},"33":{"start":{"line":34,"column":0},"end":{"line":34,"column":1}},"38":{"start":{"line":39,"column":0},"end":{"line":39,"column":46}},"39":{"start":{"line":40,"column":0},"end":{"line":40,"column":25}},"40":{"start":{"line":41,"column":0},"end":{"line":41,"column":16}},"41":{"start":{"line":42,"column":0},"end":{"line":42,"column":20}},"42":{"start":{"line":43,"column":0},"end":{"line":43,"column":20}},"43":{"start":{"line":44,"column":0},"end":{"line":44,"column":30}},"44":{"start":{"line":45,"column":0},"end":{"line":45,"column":18}},"45":{"start":{"line":46,"column":0},"end":{"line":46,"column":17}},"47":{"start":{"line":48,"column":0},"end":{"line":48,"column":16}},"48":{"start":{"line":49,"column":0},"end":{"line":49,"column":47}},"49":{"start":{"line":50,"column":0},"end":{"line":50,"column":14}},"50":{"start":{"line":51,"column":0},"end":{"line":51,"column":23}},"51":{"start":{"line":52,"column":0},"end":{"line":52,"column":13}},"52":{"start":{"line":53,"column":0},"end":{"line":53,"column":57}},"53":{"start":{"line":54,"column":0},"end":{"line":54,"column":8}},"54":{"start":{"line":55,"column":0},"end":{"line":55,"column":7}},"56":{"start":{"line":57,"column":0},"end":{"line":57,"column":25}},"57":{"start":{"line":58,"column":0},"end":{"line":58,"column":33}},"58":{"start":{"line":59,"column":0},"end":{"line":59,"column":3}},"60":{"start":{"line":61,"column":0},"end":{"line":61,"column":14}},"61":{"start":{"line":62,"column":0},"end":{"line":62,"column":1}},"66":{"start":{"line":67,"column":0},"end":{"line":67,"column":43}},"67":{"start":{"line":68,"column":0},"end":{"line":68,"column":25}},"68":{"start":{"line":69,"column":0},"end":{"line":69,"column":15}},"69":{"start":{"line":70,"column":0},"end":{"line":70,"column":20}},"70":{"start":{"line":71,"column":0},"end":{"line":71,"column":21}},"71":{"start":{"line":72,"column":0},"end":{"line":72,"column":45}},"72":{"start":{"line":73,"column":0},"end":{"line":73,"column":12}},"73":{"start":{"line":74,"column":0},"end":{"line":74,"column":21}},"74":{"start":{"line":75,"column":0},"end":{"line":75,"column":11}},"75":{"start":{"line":76,"column":0},"end":{"line":76,"column":55}},"76":{"start":{"line":77,"column":0},"end":{"line":77,"column":6}},"77":{"start":{"line":78,"column":0},"end":{"line":78,"column":5}},"78":{"start":{"line":79,"column":0},"end":{"line":79,"column":19}},"79":{"start":{"line":80,"column":0},"end":{"line":80,"column":1}}},"s":{"0":1,"3":1,"4":1,"5":1,"6":1,"7":1,"8":1,"9":1,"10":1,"11":1,"12":1,"13":1,"14":1,"15":1,"16":1,"23":1,"24":15,"25":15,"26":15,"27":15,"28":15,"29":15,"30":15,"31":15,"32":15,"33":15,"38":4,"39":4,"40":4,"41":4,"42":4,"43":4,"44":4,"45":4,"47":4,"48":7,"49":7,"50":7,"51":7,"52":7,"53":7,"54":7,"56":7,"57":3,"58":3,"60":4,"61":4,"66":3,"67":3,"68":3,"69":3,"70":3,"71":3,"72":3,"73":3,"74":3,"75":3,"76":3,"77":3,"78":3,"79":3},"branchMap":{"0":{"type":"branch","line":24,"loc":{"start":{"line":24,"column":7},"end":{"line":34,"column":1}},"locations":[{"start":{"line":24,"column":7},"end":{"line":34,"column":1}}]},"1":{"type":"branch","line":39,"loc":{"start":{"line":39,"column":0},"end":{"line":62,"column":1}},"locations":[{"start":{"line":39,"column":0},"end":{"line":62,"column":1}}]},"2":{"type":"branch","line":48,"loc":{"start":{"line":48,"column":15},"end":{"line":59,"column":3}},"locations":[{"start":{"line":48,"column":15},"end":{"line":59,"column":3}}]},"3":{"type":"branch","line":53,"loc":{"start":{"line":53,"column":12},"end":{"line":53,"column":53}},"locations":[{"start":{"line":53,"column":12},"end":{"line":53,"column":53}}]},"4":{"type":"branch","line":53,"loc":{"start":{"line":53,"column":49},"end":{"line":53,"column":57}},"locations":[{"start":{"line":53,"column":49},"end":{"line":53,"column":57}}]},"5":{"type":"branch","line":57,"loc":{"start":{"line":57,"column":19},"end":{"line":57,"column":25}},"locations":[{"start":{"line":57,"column":19},"end":{"line":57,"column":25}}]},"6":{"type":"branch","line":57,"loc":{"start":{"line":57,"column":19},"end":{"line":59,"column":3}},"locations":[{"start":{"line":57,"column":19},"end":{"line":59,"column":3}}]},"7":{"type":"branch","line":67,"loc":{"start":{"line":67,"column":0},"end":{"line":80,"column":1}},"locations":[{"start":{"line":67,"column":0},"end":{"line":80,"column":1}}]},"8":{"type":"branch","line":76,"loc":{"start":{"line":76,"column":10},"end":{"line":76,"column":51}},"locations":[{"start":{"line":76,"column":10},"end":{"line":76,"column":51}}]},"9":{"type":"branch","line":76,"loc":{"start":{"line":76,"column":47},"end":{"line":76,"column":55}},"locations":[{"start":{"line":76,"column":47},"end":{"line":76,"column":55}}]}},"b":{"0":[15],"1":[4],"2":[7],"3":[1],"4":[6],"5":[4],"6":[3],"7":[3],"8":[1],"9":[2]},"fnMap":{"0":{"name":"slugify","decl":{"start":{"line":24,"column":7},"end":{"line":34,"column":1}},"loc":{"start":{"line":24,"column":7},"end":{"line":34,"column":1}},"line":24},"1":{"name":"generateUniqueEventSlug","decl":{"start":{"line":39,"column":0},"end":{"line":62,"column":1}},"loc":{"start":{"line":39,"column":0},"end":{"line":62,"column":1}},"line":39},"2":{"name":"isEventSlugAvailable","decl":{"start":{"line":67,"column":0},"end":{"line":80,"column":1}},"loc":{"start":{"line":67,"column":0},"end":{"line":80,"column":1}},"line":67}},"f":{"0":15,"1":4,"2":3}}
,"/home/baptisthecht/paperclip-data/evoly/Evoly/packages/core/src/organizers/index.ts": {"path":"/home/baptisthecht/paperclip-data/evoly/Evoly/packages/core/src/organizers/index.ts","all":false,"statementMap":{"0":{"start":{"line":1,"column":0},"end":{"line":1,"column":43}},"6":{"start":{"line":7,"column":0},"end":{"line":7,"column":38}},"7":{"start":{"line":8,"column":0},"end":{"line":8,"column":17}},"8":{"start":{"line":9,"column":0},"end":{"line":9,"column":25}},"9":{"start":{"line":10,"column":0},"end":{"line":10,"column":24}},"10":{"start":{"line":11,"column":0},"end":{"line":11,"column":21}},"11":{"start":{"line":12,"column":0},"end":{"line":12,"column":57}},"12":{"start":{"line":13,"column":0},"end":{"line":13,"column":12}},"13":{"start":{"line":14,"column":0},"end":{"line":14,"column":30}},"14":{"start":{"line":15,"column":0},"end":{"line":15,"column":23}},"15":{"start":{"line":16,"column":0},"end":{"line":16,"column":15}},"16":{"start":{"line":17,"column":0},"end":{"line":17,"column":8}},"17":{"start":{"line":18,"column":0},"end":{"line":18,"column":6}},"18":{"start":{"line":19,"column":0},"end":{"line":19,"column":14}},"19":{"start":{"line":20,"column":0},"end":{"line":20,"column":17}},"20":{"start":{"line":21,"column":0},"end":{"line":21,"column":6}},"21":{"start":{"line":22,"column":0},"end":{"line":22,"column":5}},"23":{"start":{"line":24,"column":0},"end":{"line":24,"column":28}},"25":{"start":{"line":26,"column":0},"end":{"line":26,"column":54}},"26":{"start":{"line":27,"column":0},"end":{"line":27,"column":1}},"31":{"start":{"line":32,"column":0},"end":{"line":32,"column":39}},"32":{"start":{"line":33,"column":0},"end":{"line":33,"column":17}},"33":{"start":{"line":34,"column":0},"end":{"line":34,"column":25}},"34":{"start":{"line":35,"column":0},"end":{"line":35,"column":27}},"35":{"start":{"line":36,"column":0},"end":{"line":36,"column":21}},"36":{"start":{"line":37,"column":0},"end":{"line":37,"column":57}},"37":{"start":{"line":38,"column":0},"end":{"line":38,"column":12}},"38":{"start":{"line":39,"column":0},"end":{"line":39,"column":30}},"39":{"start":{"line":40,"column":0},"end":{"line":40,"column":23}},"40":{"start":{"line":41,"column":0},"end":{"line":41,"column":15}},"41":{"start":{"line":42,"column":0},"end":{"line":42,"column":8}},"42":{"start":{"line":43,"column":0},"end":{"line":43,"column":6}},"43":{"start":{"line":44,"column":0},"end":{"line":44,"column":14}},"44":{"start":{"line":45,"column":0},"end":{"line":45,"column":17}},"45":{"start":{"line":46,"column":0},"end":{"line":46,"column":6}},"46":{"start":{"line":47,"column":0},"end":{"line":47,"column":5}},"48":{"start":{"line":49,"column":0},"end":{"line":49,"column":28}},"50":{"start":{"line":51,"column":0},"end":{"line":51,"column":71}},"51":{"start":{"line":52,"column":0},"end":{"line":52,"column":1}},"56":{"start":{"line":57,"column":0},"end":{"line":57,"column":40}},"57":{"start":{"line":58,"column":0},"end":{"line":58,"column":17}},"58":{"start":{"line":59,"column":0},"end":{"line":59,"column":25}},"59":{"start":{"line":60,"column":0},"end":{"line":60,"column":24}},"60":{"start":{"line":61,"column":0},"end":{"line":61,"column":18}},"61":{"start":{"line":62,"column":0},"end":{"line":62,"column":71}},"62":{"start":{"line":63,"column":0},"end":{"line":63,"column":12}},"63":{"start":{"line":64,"column":0},"end":{"line":64,"column":36}},"64":{"start":{"line":65,"column":0},"end":{"line":65,"column":3}},"65":{"start":{"line":66,"column":0},"end":{"line":66,"column":1}},"70":{"start":{"line":71,"column":0},"end":{"line":71,"column":73}},"71":{"start":{"line":72,"column":0},"end":{"line":72,"column":43}},"72":{"start":{"line":73,"column":0},"end":{"line":73,"column":12}},"73":{"start":{"line":74,"column":0},"end":{"line":74,"column":30}},"74":{"start":{"line":75,"column":0},"end":{"line":75,"column":23}},"75":{"start":{"line":76,"column":0},"end":{"line":76,"column":15}},"76":{"start":{"line":77,"column":0},"end":{"line":77,"column":8}},"77":{"start":{"line":78,"column":0},"end":{"line":78,"column":6}},"78":{"start":{"line":79,"column":0},"end":{"line":79,"column":14}},"79":{"start":{"line":80,"column":0},"end":{"line":80,"column":17}},"80":{"start":{"line":81,"column":0},"end":{"line":81,"column":25}},"81":{"start":{"line":82,"column":0},"end":{"line":82,"column":6}},"82":{"start":{"line":83,"column":0},"end":{"line":83,"column":5}},"83":{"start":{"line":84,"column":0},"end":{"line":84,"column":1}},"88":{"start":{"line":89,"column":0},"end":{"line":89,"column":60}},"89":{"start":{"line":90,"column":0},"end":{"line":90,"column":41}},"90":{"start":{"line":91,"column":0},"end":{"line":91,"column":22}},"91":{"start":{"line":92,"column":0},"end":{"line":92,"column":14}},"92":{"start":{"line":93,"column":0},"end":{"line":93,"column":21}},"93":{"start":{"line":94,"column":0},"end":{"line":94,"column":32}},"94":{"start":{"line":95,"column":0},"end":{"line":95,"column":8}},"95":{"start":{"line":96,"column":0},"end":{"line":96,"column":17}},"96":{"start":{"line":97,"column":0},"end":{"line":97,"column":6}},"97":{"start":{"line":98,"column":0},"end":{"line":98,"column":33}},"98":{"start":{"line":99,"column":0},"end":{"line":99,"column":5}},"99":{"start":{"line":100,"column":0},"end":{"line":100,"column":1}}},"s":{"0":1,"6":7,"7":7,"8":7,"9":7,"10":7,"11":7,"12":7,"13":7,"14":7,"15":7,"16":7,"17":7,"18":7,"19":7,"20":7,"21":7,"23":7,"25":4,"26":4,"31":4,"32":4,"33":4,"34":4,"35":4,"36":4,"37":4,"38":4,"39":4,"40":4,"41":4,"42":4,"43":4,"44":4,"45":4,"46":4,"48":4,"50":3,"51":3,"56":3,"57":3,"58":3,"59":3,"60":3,"61":3,"62":3,"63":2,"64":2,"65":3,"70":2,"71":2,"72":2,"73":2,"74":2,"75":2,"76":2,"77":2,"78":2,"79":2,"80":2,"81":2,"82":2,"83":2,"88":2,"89":2,"90":2,"91":2,"92":2,"93":2,"94":2,"95":2,"96":2,"97":2,"98":2,"99":2},"branchMap":{"0":{"type":"branch","line":7,"loc":{"start":{"line":7,"column":0},"end":{"line":27,"column":1}},"locations":[{"start":{"line":7,"column":0},"end":{"line":27,"column":1}}]},"1":{"type":"branch","line":24,"loc":{"start":{"line":24,"column":15},"end":{"line":24,"column":28}},"locations":[{"start":{"line":24,"column":15},"end":{"line":24,"column":28}}]},"2":{"type":"branch","line":24,"loc":{"start":{"line":24,"column":22},"end":{"line":27,"column":1}},"locations":[{"start":{"line":24,"column":22},"end":{"line":27,"column":1}}]},"3":{"type":"branch","line":32,"loc":{"start":{"line":32,"column":0},"end":{"line":52,"column":1}},"locations":[{"start":{"line":32,"column":0},"end":{"line":52,"column":1}}]},"4":{"type":"branch","line":49,"loc":{"start":{"line":49,"column":15},"end":{"line":49,"column":28}},"locations":[{"start":{"line":49,"column":15},"end":{"line":49,"column":28}}]},"5":{"type":"branch","line":49,"loc":{"start":{"line":49,"column":22},"end":{"line":52,"column":1}},"locations":[{"start":{"line":49,"column":22},"end":{"line":52,"column":1}}]},"6":{"type":"branch","line":51,"loc":{"start":{"line":51,"column":27},"end":{"line":51,"column":69}},"locations":[{"start":{"line":51,"column":27},"end":{"line":51,"column":69}}]},"7":{"type":"branch","line":57,"loc":{"start":{"line":57,"column":0},"end":{"line":66,"column":1}},"locations":[{"start":{"line":57,"column":0},"end":{"line":66,"column":1}}]},"8":{"type":"branch","line":63,"loc":{"start":{"line":63,"column":11},"end":{"line":65,"column":3}},"locations":[{"start":{"line":63,"column":11},"end":{"line":65,"column":3}}]},"9":{"type":"branch","line":71,"loc":{"start":{"line":71,"column":0},"end":{"line":84,"column":1}},"locations":[{"start":{"line":71,"column":0},"end":{"line":84,"column":1}}]},"10":{"type":"branch","line":89,"loc":{"start":{"line":89,"column":0},"end":{"line":100,"column":1}},"locations":[{"start":{"line":89,"column":0},"end":{"line":100,"column":1}}]}},"b":{"0":[7],"1":[3],"2":[4],"3":[4],"4":[1],"5":[3],"6":[4],"7":[3],"8":[2],"9":[2],"10":[2]},"fnMap":{"0":{"name":"checkPermission","decl":{"start":{"line":7,"column":0},"end":{"line":27,"column":1}},"loc":{"start":{"line":7,"column":0},"end":{"line":27,"column":1}},"line":7},"1":{"name":"checkPermissions","decl":{"start":{"line":32,"column":0},"end":{"line":52,"column":1}},"loc":{"start":{"line":32,"column":0},"end":{"line":52,"column":1}},"line":32},"2":{"name":"requirePermission","decl":{"start":{"line":57,"column":0},"end":{"line":66,"column":1}},"loc":{"start":{"line":57,"column":0},"end":{"line":66,"column":1}},"line":57},"3":{"name":"getMember","decl":{"start":{"line":71,"column":0},"end":{"line":84,"column":1}},"loc":{"start":{"line":71,"column":0},"end":{"line":84,"column":1}},"line":71},"4":{"name":"getUserOrganizations","decl":{"start":{"line":89,"column":0},"end":{"line":100,"column":1}},"loc":{"start":{"line":89,"column":0},"end":{"line":100,"column":1}},"line":89}},"f":{"0":7,"1":4,"2":3,"3":2,"4":2}}
,"/home/baptisthecht/paperclip-data/evoly/Evoly/packages/core/src/tickets/index.ts": {"path":"/home/baptisthecht/paperclip-data/evoly/Evoly/packages/core/src/tickets/index.ts","all":false,"statementMap":{"0":{"start":{"line":1,"column":0},"end":{"line":1,"column":31}},"3":{"start":{"line":4,"column":0},"end":{"line":4,"column":48}},"4":{"start":{"line":5,"column":0},"end":{"line":5,"column":35}},"5":{"start":{"line":6,"column":0},"end":{"line":6,"column":37}},"6":{"start":{"line":7,"column":0},"end":{"line":7,"column":38}},"7":{"start":{"line":8,"column":0},"end":{"line":8,"column":38}},"8":{"start":{"line":9,"column":0},"end":{"line":9,"column":47}},"9":{"start":{"line":10,"column":0},"end":{"line":10,"column":43}},"10":{"start":{"line":11,"column":0},"end":{"line":11,"column":41}},"11":{"start":{"line":12,"column":0},"end":{"line":12,"column":50}},"12":{"start":{"line":13,"column":0},"end":{"line":13,"column":60}},"13":{"start":{"line":14,"column":0},"end":{"line":14,"column":43}},"14":{"start":{"line":15,"column":0},"end":{"line":15,"column":17}},"15":{"start":{"line":16,"column":0},"end":{"line":16,"column":11}},"16":{"start":{"line":17,"column":0},"end":{"line":17,"column":16}},"17":{"start":{"line":18,"column":0},"end":{"line":18,"column":26}},"18":{"start":{"line":19,"column":0},"end":{"line":19,"column":75}},"19":{"start":{"line":20,"column":0},"end":{"line":20,"column":30}},"20":{"start":{"line":21,"column":0},"end":{"line":21,"column":62}},"21":{"start":{"line":22,"column":0},"end":{"line":22,"column":8}},"22":{"start":{"line":23,"column":0},"end":{"line":23,"column":5}},"23":{"start":{"line":24,"column":0},"end":{"line":24,"column":16}},"24":{"start":{"line":25,"column":0},"end":{"line":25,"column":43}},"25":{"start":{"line":26,"column":0},"end":{"line":26,"column":3}},"33":{"start":{"line":34,"column":0},"end":{"line":34,"column":42}},"35":{"start":{"line":36,"column":0},"end":{"line":36,"column":44}},"36":{"start":{"line":37,"column":0},"end":{"line":37,"column":60}},"37":{"start":{"line":38,"column":0},"end":{"line":38,"column":38}},"38":{"start":{"line":39,"column":0},"end":{"line":39,"column":1}},"43":{"start":{"line":44,"column":0},"end":{"line":44,"column":40}},"44":{"start":{"line":45,"column":0},"end":{"line":45,"column":23}},"45":{"start":{"line":46,"column":0},"end":{"line":46,"column":27}},"46":{"start":{"line":47,"column":0},"end":{"line":47,"column":21}},"47":{"start":{"line":48,"column":0},"end":{"line":48,"column":53}},"48":{"start":{"line":49,"column":0},"end":{"line":49,"column":32}},"49":{"start":{"line":50,"column":0},"end":{"line":50,"column":51}},"50":{"start":{"line":51,"column":0},"end":{"line":51,"column":5}},"52":{"start":{"line":53,"column":0},"end":{"line":53,"column":32}},"53":{"start":{"line":54,"column":0},"end":{"line":54,"column":61}},"55":{"start":{"line":56,"column":0},"end":{"line":56,"column":76}},"56":{"start":{"line":57,"column":0},"end":{"line":57,"column":1}},"62":{"start":{"line":63,"column":0},"end":{"line":63,"column":35}},"63":{"start":{"line":64,"column":0},"end":{"line":64,"column":23}},"64":{"start":{"line":65,"column":0},"end":{"line":65,"column":18}},"65":{"start":{"line":66,"column":0},"end":{"line":66,"column":18}},"66":{"start":{"line":67,"column":0},"end":{"line":67,"column":30}},"67":{"start":{"line":68,"column":0},"end":{"line":68,"column":32}},"68":{"start":{"line":69,"column":0},"end":{"line":69,"column":11}},"69":{"start":{"line":70,"column":0},"end":{"line":70,"column":44}},"70":{"start":{"line":71,"column":0},"end":{"line":71,"column":6}},"71":{"start":{"line":72,"column":0},"end":{"line":72,"column":5}},"72":{"start":{"line":73,"column":0},"end":{"line":73,"column":1}},"77":{"start":{"line":78,"column":0},"end":{"line":78,"column":35}},"78":{"start":{"line":79,"column":0},"end":{"line":79,"column":23}},"79":{"start":{"line":80,"column":0},"end":{"line":80,"column":18}},"80":{"start":{"line":81,"column":0},"end":{"line":81,"column":18}},"81":{"start":{"line":82,"column":0},"end":{"line":82,"column":30}},"82":{"start":{"line":83,"column":0},"end":{"line":83,"column":32}},"83":{"start":{"line":84,"column":0},"end":{"line":84,"column":11}},"84":{"start":{"line":85,"column":0},"end":{"line":85,"column":44}},"85":{"start":{"line":86,"column":0},"end":{"line":86,"column":6}},"86":{"start":{"line":87,"column":0},"end":{"line":87,"column":5}},"87":{"start":{"line":88,"column":0},"end":{"line":88,"column":1}}},"s":{"0":1,"3":1,"4":1,"5":1,"6":1,"7":1,"8":1,"9":1,"10":1,"11":1,"12":1,"13":1,"14":1,"15":1,"16":1,"17":1,"18":1,"19":1,"20":1,"21":1,"22":1,"23":1,"24":1,"25":1,"33":1,"35":52,"36":52,"37":52,"38":52,"43":6,"44":6,"45":6,"46":6,"47":6,"48":6,"49":6,"50":6,"52":6,"53":6,"55":4,"56":4,"62":1,"63":1,"64":1,"65":1,"66":1,"67":1,"68":1,"69":1,"70":1,"71":1,"72":1,"77":1,"78":1,"79":1,"80":1,"81":1,"82":1,"83":1,"84":1,"85":1,"86":1,"87":1},"branchMap":{"0":{"type":"branch","line":34,"loc":{"start":{"line":34,"column":7},"end":{"line":39,"column":1}},"locations":[{"start":{"line":34,"column":7},"end":{"line":39,"column":1}}]},"1":{"type":"branch","line":44,"loc":{"start":{"line":44,"column":0},"end":{"line":57,"column":1}},"locations":[{"start":{"line":44,"column":0},"end":{"line":57,"column":1}}]},"2":{"type":"branch","line":53,"loc":{"start":{"line":53,"column":19},"end":{"line":53,"column":32}},"locations":[{"start":{"line":53,"column":19},"end":{"line":53,"column":32}}]},"3":{"type":"branch","line":53,"loc":{"start":{"line":53,"column":26},"end":{"line":54,"column":43}},"locations":[{"start":{"line":53,"column":26},"end":{"line":54,"column":43}}]},"4":{"type":"branch","line":54,"loc":{"start":{"line":54,"column":36},"end":{"line":54,"column":61}},"locations":[{"start":{"line":54,"column":36},"end":{"line":54,"column":61}}]},"5":{"type":"branch","line":54,"loc":{"start":{"line":54,"column":43},"end":{"line":57,"column":1}},"locations":[{"start":{"line":54,"column":43},"end":{"line":57,"column":1}}]},"6":{"type":"branch","line":63,"loc":{"start":{"line":63,"column":0},"end":{"line":73,"column":1}},"locations":[{"start":{"line":63,"column":0},"end":{"line":73,"column":1}}]},"7":{"type":"branch","line":78,"loc":{"start":{"line":78,"column":0},"end":{"line":88,"column":1}},"locations":[{"start":{"line":78,"column":0},"end":{"line":88,"column":1}}]}},"b":{"0":[52],"1":[6],"2":[1],"3":[5],"4":[1],"5":[4],"6":[1],"7":[1]},"fnMap":{"0":{"name":"generateQrCode","decl":{"start":{"line":34,"column":7},"end":{"line":39,"column":1}},"loc":{"start":{"line":34,"column":7},"end":{"line":39,"column":1}},"line":34},"1":{"name":"hasAvailableStock","decl":{"start":{"line":44,"column":0},"end":{"line":57,"column":1}},"loc":{"start":{"line":44,"column":0},"end":{"line":57,"column":1}},"line":44},"2":{"name":"reserveStock","decl":{"start":{"line":63,"column":0},"end":{"line":73,"column":1}},"loc":{"start":{"line":63,"column":0},"end":{"line":73,"column":1}},"line":63},"3":{"name":"releaseStock","decl":{"start":{"line":78,"column":0},"end":{"line":88,"column":1}},"loc":{"start":{"line":78,"column":0},"end":{"line":88,"column":1}},"line":78}},"f":{"0":52,"1":6,"2":1,"3":1}}
}
